c:\hlocal\práctica 1 ig - mejoras no va\freeglut project 3d\debug\vc120.pdb
c:\hlocal\práctica 1 ig - mejoras no va\freeglut project 3d\debug\vc120.idb
c:\hlocal\práctica 1 ig - mejoras no va\freeglut project 3d\debug\copadobleesfera.obj
c:\hlocal\práctica 1 ig - mejoras no va\freeglut project 3d\debug\copaesfera.obj
c:\hlocal\práctica 1 ig - mejoras no va\freeglut project 3d\debug\cubo.obj
c:\hlocal\práctica 1 ig - mejoras no va\freeglut project 3d\debug\cuborevolucion.obj
c:\hlocal\práctica 1 ig - mejoras no va\freeglut project 3d\debug\disco.obj
c:\hlocal\práctica 1 ig - mejoras no va\freeglut project 3d\debug\discoparcial.obj
c:\hlocal\práctica 1 ig - mejoras no va\freeglut project 3d\debug\escena.obj
c:\hlocal\práctica 1 ig - mejoras no va\freeglut project 3d\debug\esfera.obj
c:\hlocal\práctica 1 ig - mejoras no va\freeglut project 3d\debug\falsotetraedro.obj
c:\hlocal\práctica 1 ig - mejoras no va\freeglut project 3d\debug\hipotrocoide.obj
c:\hlocal\práctica 1 ig - mejoras no va\freeglut project 3d\debug\main.obj
c:\hlocal\práctica 1 ig - mejoras no va\freeglut project 3d\debug\malla.obj
c:\hlocal\práctica 1 ig - mejoras no va\freeglut project 3d\debug\objetocompuesto.obj
c:\hlocal\práctica 1 ig - mejoras no va\freeglut project 3d\debug\objetocuadrico.obj
c:\hlocal\práctica 1 ig - mejoras no va\freeglut project 3d\debug\puntovector3d.obj
c:\hlocal\práctica 1 ig - mejoras no va\freeglut project 3d\debug\quadtree.obj
c:\hlocal\práctica 1 ig - mejoras no va\freeglut project 3d\debug\quadtreenode.obj
c:\hlocal\práctica 1 ig - mejoras no va\freeglut project 3d\debug\rueda.obj
c:\hlocal\práctica 1 ig - mejoras no va\freeglut project 3d\debug\tafin.obj
c:\hlocal\práctica 1 ig - mejoras no va\freeglut project 3d\debug\verticenormal.obj
c:\hlocal\práctica 1 ig - mejoras no va\freeglut project 3d\debug\arbolcono1.obj
c:\hlocal\práctica 1 ig - mejoras no va\freeglut project 3d\debug\arbolcono2.obj
c:\hlocal\práctica 1 ig - mejoras no va\freeglut project 3d\debug\arbolesfera1.obj
c:\hlocal\práctica 1 ig - mejoras no va\freeglut project 3d\debug\arbolesfera2.obj
c:\hlocal\práctica 1 ig - mejoras no va\freeglut project 3d\debug\camara.obj
c:\hlocal\práctica 1 ig - mejoras no va\freeglut project 3d\debug\cara.obj
c:\hlocal\práctica 1 ig - mejoras no va\freeglut project 3d\debug\cilindro.obj
c:\hlocal\práctica 1 ig - mejoras no va\freeglut project 3d\debug\coche.obj
c:\hlocal\práctica 1 ig - mejoras no va\freeglut project 3d\debug\cono.obj
c:\hlocal\práctica 1 ig - mejoras no va\freeglut project 3d\debug\copacono.obj
c:\hlocal\práctica 1 ig - mejoras no va\freeglut project 3d\debug\copadoblecono.obj
c:\hlocal\práctica 1 ig - mejoras no va\debug\freeglut project 3d.ilk
c:\hlocal\práctica 1 ig - mejoras no va\debug\freeglut project 3d.exe
c:\hlocal\práctica 1 ig - mejoras no va\debug\freeglut project 3d.pdb
c:\hlocal\práctica 1 ig - mejoras no va\freeglut project 3d\debug\freeglut.7b0bffd4.tlog\cl.command.1.tlog
c:\hlocal\práctica 1 ig - mejoras no va\freeglut project 3d\debug\freeglut.7b0bffd4.tlog\cl.read.1.tlog
c:\hlocal\práctica 1 ig - mejoras no va\freeglut project 3d\debug\freeglut.7b0bffd4.tlog\cl.write.1.tlog
c:\hlocal\práctica 1 ig - mejoras no va\freeglut project 3d\debug\freeglut.7b0bffd4.tlog\link.command.1.tlog
c:\hlocal\práctica 1 ig - mejoras no va\freeglut project 3d\debug\freeglut.7b0bffd4.tlog\link.read.1.tlog
c:\hlocal\práctica 1 ig - mejoras no va\freeglut project 3d\debug\freeglut.7b0bffd4.tlog\link.write.1.tlog
